This file contains any messages produced by compilers while
running configure, to aid debugging if configure makes a mistake.

It was created by configure, which was
generated by GNU Autoconf 2.61.  Invocation command line was

  $ ./configure --enable-maintainer-mode --enable-gtk-doc --disable-scrollkeeper

## --------- ##
## Platform. ##
## --------- ##

hostname = bruno
uname -m = i686
uname -r = 2.6.20-15-generic
uname -s = Linux
uname -v = #2 SMP Sun Apr 15 07:36:31 UTC 2007

/usr/bin/uname -p = unknown
/bin/uname -X     = unknown

/bin/arch              = i686
/usr/bin/arch -k       = unknown
/usr/convex/getsysinfo = unknown
/usr/bin/hostinfo      = unknown
/bin/machine           = unknown
/usr/bin/oslevel       = unknown
/bin/universe          = unknown

PATH: /usr/local/sbin
PATH: /usr/local/bin
PATH: /usr/sbin
PATH: /usr/bin
PATH: /sbin
PATH: /bin
PATH: /usr/bin/X11
PATH: /usr/games


## ----------- ##
## Core tests. ##
## ----------- ##

configure:2090: checking for a BSD-compatible install
configure:2146: result: /usr/bin/install -c
configure:2157: checking whether build environment is sane
configure:2200: result: yes
configure:2265: checking for gawk
configure:2295: result: no
configure:2265: checking for mawk
configure:2281: found /usr/bin/mawk
configure:2292: result: mawk
configure:2303: checking whether make sets $(MAKE)
configure:2324: result: yes
configure:2508: checking whether to enable maintainer-specific portions of Makefiles
configure:2517: result: yes
configure:2605: checking for gcc
configure:2621: found /usr/bin/gcc
configure:2632: result: gcc
configure:2870: checking for C compiler version
configure:2877: gcc --version >&5
gcc (GCC) 4.1.2 (Ubuntu 4.1.2-0ubuntu4)
Copyright (C) 2006 Free Software Foundation, Inc.
This is free software; see the source for copying conditions.  There is NO
warranty; not even for MERCHANTABILITY or FITNESS FOR A PARTICULAR PURPOSE.

configure:2880: $? = 0
configure:2887: gcc -v >&5
Using built-in specs.
Target: i486-linux-gnu
Configured with: ../src/configure -v --enable-languages=c,c++,fortran,objc,obj-c++,treelang --prefix=/usr --enable-shared --with-system-zlib --libexecdir=/usr/lib --without-included-gettext --enable-threads=posix --enable-nls --program-suffix=-4.1 --enable-__cxa_atexit --enable-clocale=gnu --enable-libstdcxx-debug --enable-mpfr --enable-checking=release i486-linux-gnu
Thread model: posix
gcc version 4.1.2 (Ubuntu 4.1.2-0ubuntu4)
configure:2890: $? = 0
configure:2897: gcc -V >&5
gcc: '-V' option must have argument
configure:2900: $? = 1
configure:2923: checking for C compiler default output file name
configure:2950: gcc    conftest.c  >&5
configure:2953: $? = 0
configure:2991: result: a.out
configure:3008: checking whether the C compiler works
configure:3018: ./a.out
configure:3021: $? = 0
configure:3038: result: yes
configure:3045: checking whether we are cross compiling
configure:3047: result: no
configure:3050: checking for suffix of executables
configure:3057: gcc -o conftest    conftest.c  >&5
configure:3060: $? = 0
configure:3084: result: 
configure:3090: checking for suffix of object files
configure:3116: gcc -c   conftest.c >&5
configure:3119: $? = 0
configure:3142: result: o
configure:3146: checking whether we are using the GNU C compiler
configure:3175: gcc -c   conftest.c >&5
configure:3181: $? = 0
configure:3198: result: yes
configure:3203: checking whether gcc accepts -g
configure:3233: gcc -c -g  conftest.c >&5
configure:3239: $? = 0
configure:3338: result: yes
configure:3355: checking for gcc option to accept ISO C89
configure:3429: gcc  -c -g -O2  conftest.c >&5
configure:3435: $? = 0
configure:3458: result: none needed
configure:3487: checking for style of include used by make
configure:3515: result: GNU
configure:3543: checking dependency style of gcc
configure:3633: result: gcc3
configure:3726: checking for perl
configure:3744: found /usr/bin/perl
configure:3756: result: /usr/bin/perl
configure:3775: checking for XML::Parser
configure:3778: result: ok
configure:3789: checking for iconv
configure:3807: found /usr/bin/iconv
configure:3820: result: /usr/bin/iconv
configure:3830: checking for msgfmt
configure:3848: found /usr/bin/msgfmt
configure:3861: result: /usr/bin/msgfmt
configure:3871: checking for msgmerge
configure:3889: found /usr/bin/msgmerge
configure:3902: result: /usr/bin/msgmerge
configure:3912: checking for xgettext
configure:3930: found /usr/bin/xgettext
configure:3943: result: /usr/bin/xgettext
configure:3980: gcc -o conftest -g -O2   conftest.c  >&5
configure:3986: $? = 0
configure:4183: checking build system type
configure:4201: result: i686-pc-linux-gnu
configure:4223: checking host system type
configure:4238: result: i686-pc-linux-gnu
configure:4260: checking for a sed that does not truncate output
configure:4314: result: /bin/sed
configure:4317: checking for grep that handles long lines and -e
configure:4391: result: /bin/grep
configure:4396: checking for egrep
configure:4474: result: /bin/grep -E
configure:4490: checking for ld used by gcc
configure:4557: result: /usr/bin/ld
configure:4566: checking if the linker (/usr/bin/ld) is GNU ld
configure:4581: result: yes
configure:4586: checking for /usr/bin/ld option to reload object files
configure:4593: result: -r
configure:4611: checking for BSD-compatible nm
configure:4660: result: /usr/bin/nm -B
configure:4664: checking whether ln -s works
configure:4668: result: yes
configure:4675: checking how to recognise dependent libraries
configure:4851: result: pass_all
configure:5084: checking how to run the C preprocessor
configure:5124: gcc -E  conftest.c
configure:5130: $? = 0
configure:5161: gcc -E  conftest.c
conftest.c:10:28: error: ac_nonexistent.h: No such file or directory
configure:5167: $? = 1
configure: failed program was:
| /* confdefs.h.  */
| #define PACKAGE_NAME ""
| #define PACKAGE_TARNAME ""
| #define PACKAGE_VERSION ""
| #define PACKAGE_STRING ""
| #define PACKAGE_BUGREPORT ""
| #define PACKAGE "libccc"
| #define VERSION "0.0.4"
| /* end confdefs.h.  */
| #include <ac_nonexistent.h>
configure:5200: result: gcc -E
configure:5229: gcc -E  conftest.c
configure:5235: $? = 0
configure:5266: gcc -E  conftest.c
conftest.c:10:28: error: ac_nonexistent.h: No such file or directory
configure:5272: $? = 1
configure: failed program was:
| /* confdefs.h.  */
| #define PACKAGE_NAME ""
| #define PACKAGE_TARNAME ""
| #define PACKAGE_VERSION ""
| #define PACKAGE_STRING ""
| #define PACKAGE_BUGREPORT ""
| #define PACKAGE "libccc"
| #define VERSION "0.0.4"
| /* end confdefs.h.  */
| #include <ac_nonexistent.h>
configure:5310: checking for ANSI C header files
configure:5340: gcc -c -g -O2  conftest.c >&5
configure:5346: $? = 0
configure:5445: gcc -o conftest -g -O2   conftest.c  >&5
configure:5448: $? = 0
configure:5454: ./conftest
configure:5457: $? = 0
configure:5474: result: yes
configure:5498: checking for sys/types.h
configure:5519: gcc -c -g -O2  conftest.c >&5
configure:5525: $? = 0
configure:5541: result: yes
configure:5498: checking for sys/stat.h
configure:5519: gcc -c -g -O2  conftest.c >&5
configure:5525: $? = 0
configure:5541: result: yes
configure:5498: checking for stdlib.h
configure:5519: gcc -c -g -O2  conftest.c >&5
configure:5525: $? = 0
configure:5541: result: yes
configure:5498: checking for string.h
configure:5519: gcc -c -g -O2  conftest.c >&5
configure:5525: $? = 0
configure:5541: result: yes
configure:5498: checking for memory.h
configure:5519: gcc -c -g -O2  conftest.c >&5
configure:5525: $? = 0
configure:5541: result: yes
configure:5498: checking for strings.h
configure:5519: gcc -c -g -O2  conftest.c >&5
configure:5525: $? = 0
configure:5541: result: yes
configure:5498: checking for inttypes.h
configure:5519: gcc -c -g -O2  conftest.c >&5
configure:5525: $? = 0
configure:5541: result: yes
configure:5498: checking for stdint.h
configure:5519: gcc -c -g -O2  conftest.c >&5
configure:5525: $? = 0
configure:5541: result: yes
configure:5498: checking for unistd.h
configure:5519: gcc -c -g -O2  conftest.c >&5
configure:5525: $? = 0
configure:5541: result: yes
configure:5568: checking dlfcn.h usability
configure:5585: gcc -c -g -O2  conftest.c >&5
configure:5591: $? = 0
configure:5605: result: yes
configure:5609: checking dlfcn.h presence
configure:5624: gcc -E  conftest.c
configure:5630: $? = 0
configure:5644: result: yes
configure:5672: checking for dlfcn.h
configure:5680: result: yes
configure:5809: checking for C++ compiler version
configure:5816: no --version >&5
./configure: line 5817: no: command not found
configure:5819: $? = 127
configure:5826: no -v >&5
./configure: line 5827: no: command not found
configure:5829: $? = 127
configure:5836: no -V >&5
./configure: line 5837: no: command not found
configure:5839: $? = 127
configure:5842: checking whether we are using the GNU C++ compiler
configure:5871: no -c   conftest.cpp >&5
./configure: line 5872: no: command not found
configure:5877: $? = 127
configure: failed program was:
| /* confdefs.h.  */
| #define PACKAGE_NAME ""
| #define PACKAGE_TARNAME ""
| #define PACKAGE_VERSION ""
| #define PACKAGE_STRING ""
| #define PACKAGE_BUGREPORT ""
| #define PACKAGE "libccc"
| #define VERSION "0.0.4"
| #define STDC_HEADERS 1
| #define HAVE_SYS_TYPES_H 1
| #define HAVE_SYS_STAT_H 1
| #define HAVE_STDLIB_H 1
| #define HAVE_STRING_H 1
| #define HAVE_MEMORY_H 1
| #define HAVE_STRINGS_H 1
| #define HAVE_INTTYPES_H 1
| #define HAVE_STDINT_H 1
| #define HAVE_UNISTD_H 1
| #define HAVE_DLFCN_H 1
| /* end confdefs.h.  */
| 
| int
| main ()
| {
| #ifndef __GNUC__
|        choke me
| #endif
| 
|   ;
|   return 0;
| }
configure:5894: result: no
configure:5899: checking whether no accepts -g
configure:5929: no -c -g  conftest.cpp >&5
./configure: line 5930: no: command not found
configure:5935: $? = 127
configure: failed program was:
| /* confdefs.h.  */
| #define PACKAGE_NAME ""
| #define PACKAGE_TARNAME ""
| #define PACKAGE_VERSION ""
| #define PACKAGE_STRING ""
| #define PACKAGE_BUGREPORT ""
| #define PACKAGE "libccc"
| #define VERSION "0.0.4"
| #define STDC_HEADERS 1
| #define HAVE_SYS_TYPES_H 1
| #define HAVE_SYS_STAT_H 1
| #define HAVE_STDLIB_H 1
| #define HAVE_STRING_H 1
| #define HAVE_MEMORY_H 1
| #define HAVE_STRINGS_H 1
| #define HAVE_INTTYPES_H 1
| #define HAVE_STDINT_H 1
| #define HAVE_UNISTD_H 1
| #define HAVE_DLFCN_H 1
| /* end confdefs.h.  */
| 
| int
| main ()
| {
| 
|   ;
|   return 0;
| }
configure:5967: no -c   conftest.cpp >&5
./configure: line 5968: no: command not found
configure:5973: $? = 127
configure: failed program was:
| /* confdefs.h.  */
| #define PACKAGE_NAME ""
| #define PACKAGE_TARNAME ""
| #define PACKAGE_VERSION ""
| #define PACKAGE_STRING ""
| #define PACKAGE_BUGREPORT ""
| #define PACKAGE "libccc"
| #define VERSION "0.0.4"
| #define STDC_HEADERS 1
| #define HAVE_SYS_TYPES_H 1
| #define HAVE_SYS_STAT_H 1
| #define HAVE_STDLIB_H 1
| #define HAVE_STRING_H 1
| #define HAVE_MEMORY_H 1
| #define HAVE_STRINGS_H 1
| #define HAVE_INTTYPES_H 1
| #define HAVE_STDINT_H 1
| #define HAVE_UNISTD_H 1
| #define HAVE_DLFCN_H 1
| /* end confdefs.h.  */
| 
| int
| main ()
| {
| 
|   ;
|   return 0;
| }
configure:6006: no -c -g  conftest.cpp >&5
./configure: line 6007: no: command not found
configure:6012: $? = 127
configure: failed program was:
| /* confdefs.h.  */
| #define PACKAGE_NAME ""
| #define PACKAGE_TARNAME ""
| #define PACKAGE_VERSION ""
| #define PACKAGE_STRING ""
| #define PACKAGE_BUGREPORT ""
| #define PACKAGE "libccc"
| #define VERSION "0.0.4"
| #define STDC_HEADERS 1
| #define HAVE_SYS_TYPES_H 1
| #define HAVE_SYS_STAT_H 1
| #define HAVE_STDLIB_H 1
| #define HAVE_STRING_H 1
| #define HAVE_MEMORY_H 1
| #define HAVE_STRINGS_H 1
| #define HAVE_INTTYPES_H 1
| #define HAVE_STDINT_H 1
| #define HAVE_UNISTD_H 1
| #define HAVE_DLFCN_H 1
| /* end confdefs.h.  */
| 
| int
| main ()
| {
| 
|   ;
|   return 0;
| }
configure:6034: result: no
configure:6059: checking dependency style of no
configure:6149: result: none
configure:6510: checking for Fortran 77 compiler version
configure:6517: no --version >&5
./configure: line 6518: no: command not found
configure:6520: $? = 127
configure:6527: no -v >&5
./configure: line 6528: no: command not found
configure:6530: $? = 127
configure:6537: no -V >&5
./configure: line 6538: no: command not found
configure:6540: $? = 127
configure:6548: checking whether we are using the GNU Fortran 77 compiler
configure:6567: no -c  conftest.F >&5
./configure: line 6568: no: command not found
configure:6573: $? = 127
configure: failed program was:
|       program main
| #ifndef __GNUC__
|        choke me
| #endif
| 
|       end
configure:6590: result: no
configure:6596: checking whether no accepts -g
configure:6613: no -c -g conftest.f >&5
./configure: line 6614: no: command not found
configure:6619: $? = 127
configure: failed program was:
|       program main
| 
|       end
configure:6635: result: no
configure:6665: checking the maximum length of command line arguments
configure:6774: result: 32768
configure:6785: checking command to parse /usr/bin/nm -B output from gcc object
configure:6890: gcc -c -g -O2  conftest.c >&5
configure:6893: $? = 0
configure:6897: /usr/bin/nm -B conftest.o \| sed -n -e 's/^.*[ 	]\([ABCDGIRSTW][ABCDGIRSTW]*\)[ 	][ 	]*\([_A-Za-z][_A-Za-z0-9]*\)$/\1 \2 \2/p' \> conftest.nm
configure:6900: $? = 0
configure:6952: gcc -o conftest -g -O2   conftest.c conftstm.o >&5
configure:6955: $? = 0
configure:6993: result: ok
configure:6997: checking for objdir
configure:7012: result: .libs
configure:7104: checking for ar
configure:7120: found /usr/bin/ar
configure:7131: result: ar
configure:7200: checking for ranlib
configure:7216: found /usr/bin/ranlib
configure:7227: result: ranlib
configure:7296: checking for strip
configure:7312: found /usr/bin/strip
configure:7323: result: strip
configure:7609: checking if gcc supports -fno-rtti -fno-exceptions
configure:7627: gcc -c -g -O2  -fno-rtti -fno-exceptions conftest.c >&5
cc1: warning: command line option "-fno-rtti" is valid for C++/ObjC++ but not for C
configure:7631: $? = 0
configure:7644: result: no
configure:7659: checking for gcc option to produce PIC
configure:7869: result: -fPIC
configure:7877: checking if gcc PIC flag -fPIC works
configure:7895: gcc -c -g -O2  -fPIC -DPIC conftest.c >&5
configure:7899: $? = 0
configure:7912: result: yes
configure:7940: checking if gcc static flag -static works
configure:7968: result: yes
configure:7978: checking if gcc supports -c -o file.o
configure:7999: gcc -c -g -O2  -o out/conftest2.o conftest.c >&5
configure:8003: $? = 0
configure:8025: result: yes
configure:8051: checking whether the gcc linker (/usr/bin/ld) supports shared libraries
configure:9006: result: yes
configure:9027: checking whether -lc should be explicitly linked in
configure:9032: gcc -c -g -O2  conftest.c >&5
configure:9035: $? = 0
configure:9050: gcc -shared conftest.o  -v -Wl,-soname -Wl,conftest -o conftest 2\>\&1 \| grep  -lc  \>/dev/null 2\>\&1
configure:9053: $? = 0
configure:9065: result: no
configure:9073: checking dynamic linker characteristics
configure:9649: result: GNU/Linux ld.so
configure:9658: checking how to hardcode library paths into programs
configure:9683: result: immediate
configure:9697: checking whether stripping libraries is possible
configure:9702: result: yes
configure:10503: checking if libtool supports shared libraries
configure:10505: result: yes
configure:10508: checking whether to build shared libraries
configure:10529: result: yes
configure:10532: checking whether to build static libraries
configure:10536: result: yes
configure:10628: creating libtool
configure:19712: checking prefix
configure:19720: result: /usr/local
configure:19729: checking for ruby
configure:19745: found /usr/bin/ruby
configure:19756: result: ruby
configure:19775: checking for ruby configuration parameter "archdir"
configure:19779: result: /usr/lib/ruby/1.8/i486-linux
configure:19783: checking for ruby configuration parameter "ruby_version"
configure:19787: result: 1.8
configure:19791: checking for ruby configuration parameter "LIBRUBYARG"
configure:19795: result: -lruby1.8
configure:19821: checking ruby.h usability
configure:19838: gcc -c -g -O2 -I/usr/lib/ruby/1.8/i486-linux  -I/usr/lib/ruby/1.8/i486-linux conftest.c >&5
conftest.c:54:18: error: ruby.h: No such file or directory
configure:19844: $? = 1
configure: failed program was:
| /* confdefs.h.  */
| #define PACKAGE_NAME ""
| #define PACKAGE_TARNAME ""
| #define PACKAGE_VERSION ""
| #define PACKAGE_STRING ""
| #define PACKAGE_BUGREPORT ""
| #define PACKAGE "libccc"
| #define VERSION "0.0.4"
| #define STDC_HEADERS 1
| #define HAVE_SYS_TYPES_H 1
| #define HAVE_SYS_STAT_H 1
| #define HAVE_STDLIB_H 1
| #define HAVE_STRING_H 1
| #define HAVE_MEMORY_H 1
| #define HAVE_STRINGS_H 1
| #define HAVE_INTTYPES_H 1
| #define HAVE_STDINT_H 1
| #define HAVE_UNISTD_H 1
| #define HAVE_DLFCN_H 1
| /* end confdefs.h.  */
| #include <stdio.h>
| #ifdef HAVE_SYS_TYPES_H
| # include <sys/types.h>
| #endif
| #ifdef HAVE_SYS_STAT_H
| # include <sys/stat.h>
| #endif
| #ifdef STDC_HEADERS
| # include <stdlib.h>
| # include <stddef.h>
| #else
| # ifdef HAVE_STDLIB_H
| #  include <stdlib.h>
| # endif
| #endif
| #ifdef HAVE_STRING_H
| # if !defined STDC_HEADERS && defined HAVE_MEMORY_H
| #  include <memory.h>
| # endif
| # include <string.h>
| #endif
| #ifdef HAVE_STRINGS_H
| # include <strings.h>
| #endif
| #ifdef HAVE_INTTYPES_H
| # include <inttypes.h>
| #endif
| #ifdef HAVE_STDINT_H
| # include <stdint.h>
| #endif
| #ifdef HAVE_UNISTD_H
| # include <unistd.h>
| #endif
| #include <ruby.h>
configure:19858: result: no
configure:19862: checking ruby.h presence
configure:19877: gcc -E  -I/usr/lib/ruby/1.8/i486-linux conftest.c
conftest.c:21:18: error: ruby.h: No such file or directory
configure:19883: $? = 1
configure: failed program was:
| /* confdefs.h.  */
| #define PACKAGE_NAME ""
| #define PACKAGE_TARNAME ""
| #define PACKAGE_VERSION ""
| #define PACKAGE_STRING ""
| #define PACKAGE_BUGREPORT ""
| #define PACKAGE "libccc"
| #define VERSION "0.0.4"
| #define STDC_HEADERS 1
| #define HAVE_SYS_TYPES_H 1
| #define HAVE_SYS_STAT_H 1
| #define HAVE_STDLIB_H 1
| #define HAVE_STRING_H 1
| #define HAVE_MEMORY_H 1
| #define HAVE_STRINGS_H 1
| #define HAVE_INTTYPES_H 1
| #define HAVE_STDINT_H 1
| #define HAVE_UNISTD_H 1
| #define HAVE_DLFCN_H 1
| /* end confdefs.h.  */
| #include <ruby.h>
configure:19897: result: no
configure:19925: checking for ruby.h
configure:19932: result: no
configure:19950: checking if using gprof
configure:19963: result: no
configure:19979: checking for glib-genmarshal
configure:19983: result: glib-genmarshal
configure:19986: checking for glib-mkenums
configure:19990: result: glib-mkenums
configure:20019: checking for pkg-config
configure:20037: found /usr/bin/pkg-config
configure:20050: result: /usr/bin/pkg-config
configure:20065: checking gtk-doc version >= 1.0
configure:20068: result: yes
configure:20215: checking pkg-config is at least version 0.9.0
configure:20218: result: yes
configure:20229: checking for CCC
configure:20240: $PKG_CONFIG --exists --print-errors "
	glib-2.0 >= 2.10.0
	gtk+-2.0 >= 2.8.0
	"
configure:20246: $? = 0
configure:20267: $PKG_CONFIG --exists --print-errors "
	glib-2.0 >= 2.10.0
	gtk+-2.0 >= 2.8.0
	"
configure:20273: $? = 0
configure:20364: result: yes
configure:20372: checking for DEMO
configure:20382: $PKG_CONFIG --exists --print-errors "
	gtk+-unix-print-2.0
	"
configure:20387: $? = 0
configure:20406: $PKG_CONFIG --exists --print-errors "
	gtk+-unix-print-2.0
	"
configure:20411: $? = 0
configure:20497: result: yes
configure:20505: checking for CHECK
configure:20513: $PKG_CONFIG --exists --print-errors "check >= 0.9.4"
configure:20516: $? = 0
configure:20531: $PKG_CONFIG --exists --print-errors "check >= 0.9.4"
configure:20534: $? = 0
configure:21002: result: yes
configure:21027: checking for xargs
configure:21043: found /usr/bin/xargs
configure:21054: result: xargs
configure:21078: checking whether gcc understands -Wall
configure:21107: gcc -c -g -O2 -Wall -g -O2 -Wall conftest.c >&5
configure:21113: $? = 0
configure:21135: result: yes
configure:21078: checking whether gcc understands -Wno-uninitialized
configure:21107: gcc -c -g -O2 -Wno-uninitialized -g -O2 -Wno-uninitialized conftest.c >&5
configure:21113: $? = 0
configure:21135: result: yes
configure:21078: checking whether gcc understands -Wchar-subscripts
configure:21107: gcc -c -g -O2 -Wchar-subscripts -g -O2 -Wchar-subscripts conftest.c >&5
configure:21113: $? = 0
configure:21135: result: yes
configure:21078: checking whether gcc understands -Wmissing-declarations
configure:21107: gcc -c -g -O2 -Wmissing-declarations -g -O2 -Wmissing-declarations conftest.c >&5
configure:21113: $? = 0
configure:21135: result: yes
configure:21078: checking whether gcc understands -Wmissing-prototypes
configure:21107: gcc -c -g -O2 -Wmissing-prototypes -g -O2 -Wmissing-prototypes conftest.c >&5
configure:21113: $? = 0
configure:21135: result: yes
configure:21078: checking whether gcc understands -Wnested-externs
configure:21107: gcc -c -g -O2 -Wnested-externs -g -O2 -Wnested-externs conftest.c >&5
configure:21113: $? = 0
configure:21135: result: yes
configure:21078: checking whether gcc understands -Wpointer-arith
configure:21107: gcc -c -g -O2 -Wpointer-arith -g -O2 -Wpointer-arith conftest.c >&5
configure:21113: $? = 0
configure:21135: result: yes
configure:21078: checking whether gcc understands -Wcast-align
configure:21107: gcc -c -g -O2 -Wcast-align -g -O2 -Wcast-align conftest.c >&5
configure:21113: $? = 0
configure:21135: result: yes
configure:21078: checking whether gcc understands -Wsign-compare
configure:21107: gcc -c -g -O2 -Wsign-compare -g -O2 -Wsign-compare conftest.c >&5
configure:21113: $? = 0
configure:21135: result: yes
configure:21078: checking whether gcc understands -Wno-strict-aliasing
configure:21107: gcc -c -g -O2 -Wno-strict-aliasing -g -O2 -Wno-strict-aliasing conftest.c >&5
configure:21113: $? = 0
configure:21135: result: yes
configure:21078: checking whether gcc understands -Wnested-externs
configure:21107: gcc -c -g -O2 -Wnested-externs -g -O2 -Wnested-externs conftest.c >&5
configure:21113: $? = 0
configure:21135: result: yes
configure:21078: checking whether gcc understands -Wpointer-arith
configure:21107: gcc -c -g -O2 -Wpointer-arith -g -O2 -Wpointer-arith conftest.c >&5
configure:21113: $? = 0
configure:21135: result: yes
configure:21078: checking whether gcc understands -Werror-implicit-function-declaration
configure:21107: gcc -c -g -O2 -Werror-implicit-function-declaration -g -O2 -Werror-implicit-function-declaration conftest.c >&5
configure:21113: $? = 0
configure:21135: result: yes
configure:21078: checking whether gcc understands -Wswitch
configure:21107: gcc -c -g -O2 -Wswitch -g -O2 -Wswitch conftest.c >&5
configure:21113: $? = 0
configure:21135: result: yes
configure:21078: checking whether gcc understands -g
configure:21107: gcc -c -g -O2 -g -g -O2 -g conftest.c >&5
configure:21113: $? = 0
configure:21135: result: yes
configure:21161: checking locale.h usability
configure:21178: gcc -c -g -O2  -Wall -Wno-uninitialized -Wchar-subscripts -Wmissing-declarations -Wmissing-prototypes -Wnested-externs -Wpointer-arith -Wcast-align -Wsign-compare -Wno-strict-aliasing -Wnested-externs -Wpointer-arith -Werror-implicit-function-declaration -Wswitch -g -g -O2 conftest.c >&5
configure:21184: $? = 0
configure:21198: result: yes
configure:21202: checking locale.h presence
configure:21217: gcc -E -g -O2 conftest.c
configure:21223: $? = 0
configure:21237: result: yes
configure:21265: checking for locale.h
configure:21273: result: yes
configure:21287: checking for LC_MESSAGES
configure:21313: gcc -o conftest -g -O2  -Wall -Wno-uninitialized -Wchar-subscripts -Wmissing-declarations -Wmissing-prototypes -Wnested-externs -Wpointer-arith -Wcast-align -Wsign-compare -Wno-strict-aliasing -Wnested-externs -Wpointer-arith -Werror-implicit-function-declaration -Wswitch -g -g -O2  conftest.c  >&5
configure:21319: $? = 0
configure:21336: result: yes
configure:21365: checking libintl.h usability
configure:21382: gcc -c -g -O2  -Wall -Wno-uninitialized -Wchar-subscripts -Wmissing-declarations -Wmissing-prototypes -Wnested-externs -Wpointer-arith -Wcast-align -Wsign-compare -Wno-strict-aliasing -Wnested-externs -Wpointer-arith -Werror-implicit-function-declaration -Wswitch -g -g -O2 conftest.c >&5
configure:21388: $? = 0
configure:21402: result: yes
configure:21406: checking libintl.h presence
configure:21421: gcc -E -g -O2 conftest.c
configure:21427: $? = 0
configure:21441: result: yes
configure:21469: checking for libintl.h
configure:21476: result: yes
configure:21487: checking for ngettext in libc
configure:21515: gcc -o conftest -g -O2  -Wall -Wno-uninitialized -Wchar-subscripts -Wmissing-declarations -Wmissing-prototypes -Wnested-externs -Wpointer-arith -Wcast-align -Wsign-compare -Wno-strict-aliasing -Wnested-externs -Wpointer-arith -Werror-implicit-function-declaration -Wswitch -g -g -O2  conftest.c  >&5
configure:21521: $? = 0
configure:21539: result: yes
configure:21543: checking for dgettext in libc
configure:21571: gcc -o conftest -g -O2  -Wall -Wno-uninitialized -Wchar-subscripts -Wmissing-declarations -Wmissing-prototypes -Wnested-externs -Wpointer-arith -Wcast-align -Wsign-compare -Wno-strict-aliasing -Wnested-externs -Wpointer-arith -Werror-implicit-function-declaration -Wswitch -g -g -O2  conftest.c  >&5
configure:21577: $? = 0
configure:21595: result: yes
configure:21604: checking for bind_textdomain_codeset
configure:21660: gcc -o conftest -g -O2  -Wall -Wno-uninitialized -Wchar-subscripts -Wmissing-declarations -Wmissing-prototypes -Wnested-externs -Wpointer-arith -Wcast-align -Wsign-compare -Wno-strict-aliasing -Wnested-externs -Wpointer-arith -Werror-implicit-function-declaration -Wswitch -g -g -O2  conftest.c  >&5
configure:21666: $? = 0
configure:21684: result: yes
configure:22171: checking for msgfmt
configure:22198: result: /usr/bin/msgfmt
configure:22211: checking for dcgettext
configure:22267: gcc -o conftest -g -O2  -Wall -Wno-uninitialized -Wchar-subscripts -Wmissing-declarations -Wmissing-prototypes -Wnested-externs -Wpointer-arith -Wcast-align -Wsign-compare -Wno-strict-aliasing -Wnested-externs -Wpointer-arith -Werror-implicit-function-declaration -Wswitch -g -g -O2  conftest.c   >&5
conftest.c:48: warning: conflicting types for built-in function 'dcgettext'
configure:22273: $? = 0
configure:22291: result: yes
configure:22302: checking if msgfmt accepts -c
configure:22317: msgfmt -c -o /dev/null conftest.foo
configure:22320: $? = 0
configure:22322: result: yes
configure:22332: checking for gmsgfmt
configure:22363: result: /usr/bin/msgfmt
configure:22373: checking for xgettext
configure:22400: result: /usr/bin/xgettext
configure:22429: gcc -o conftest -g -O2  -Wall -Wno-uninitialized -Wchar-subscripts -Wmissing-declarations -Wmissing-prototypes -Wnested-externs -Wpointer-arith -Wcast-align -Wsign-compare -Wno-strict-aliasing -Wnested-externs -Wpointer-arith -Werror-implicit-function-declaration -Wswitch -g -g -O2  conftest.c   >&5
conftest.c: In function 'main':
conftest.c:30: warning: nested extern declaration of '_nl_msg_cat_cntr'
configure:22435: $? = 0
configure:22604: checking for catalogs to be installed
configure:22629: result:  de
configure:22736: checking for a Python interpreter with version >= 2.2
configure:22751: python -c import sys, string # split strings by '.' and convert to numeric. Append some zeros # because we need at least 4 digits for the hex conversion. minver = map(int, string.split('2.2', '.')) + [0, 0, 0] minverhex = 0 for i in xrange(0, 4): minverhex = (minverhex << 8) + minver[i] sys.exit(sys.hexversion < minverhex)
configure:22754: $? = 0
configure:22761: result: python
configure:22769: checking for python
configure:22787: found /usr/bin/python
configure:22799: result: /usr/bin/python
configure:22819: checking for python version
configure:22826: result: 2.5
configure:22838: checking for python platform
configure:22845: result: linux2
configure:22852: checking for python script directory
configure:22860: result: ${prefix}/lib/python2.5/site-packages
configure:22869: checking for python extension module directory
configure:22877: result: ${exec_prefix}/lib/python2.5/site-packages
configure:22891: checking for headers required to compile python extensions
configure:22915: gcc -E -g -O2 -I/usr/include/python2.5 conftest.c
configure:22921: $? = 0
configure:22926: result: found
configure:22949: checking for PYGTK
configure:22957: $PKG_CONFIG --exists --print-errors "pygtk-2.0 >= 2.8.0"
configure:22960: $? = 0
configure:22975: $PKG_CONFIG --exists --print-errors "pygtk-2.0 >= 2.8.0"
configure:22978: $? = 0
configure:23022: result: yes
configure:23026: result: okay
configure:23034: checking for pygtk-codegen-2.0
configure:23052: found /usr/bin/pygtk-codegen-2.0
configure:23065: result: /usr/bin/pygtk-codegen-2.0
configure:23080: checking for pygtk defs
configure:23084: result: /usr/share/pygtk/2.0/defs
configure:23108: checking for mono
configure:23126: found /usr/bin/mono
configure:23138: result: /usr/bin/mono
configure:23148: checking for gapi2-codegen
configure:23181: result: no
configure:23382: creating ./config.status

## ---------------------- ##
## Running config.status. ##
## ---------------------- ##

This file was extended by config.status, which was
generated by GNU Autoconf 2.61.  Invocation command line was

  CONFIG_FILES    = 
  CONFIG_HEADERS  = 
  CONFIG_LINKS    = 
  CONFIG_COMMANDS = 
  $ ./config.status 

on bruno

config.status:781: creating ccc.pc
config.status:781: creating Makefile
config.status:781: creating ccc/Makefile
config.status:781: creating cdebug/Makefile
config.status:781: creating demo/Makefile
config.status:781: creating doc/Makefile
config.status:781: creating doc/reference/Makefile
config.status:781: creating editor/Makefile
config.status:781: creating po/Makefile.in
config.status:781: creating python/Makefile
config.status:781: creating ruby/Makefile
config.status:781: creating test/Makefile
config.status:781: creating cc-config.h
config.status:1013: cc-config.h is unchanged
config.status:1059: executing depfiles commands
config.status:1059: executing intltool commands
config.status:1059: executing default-1 commands
config.status:1059: executing po/stamp-it commands

## ---------------- ##
## Cache variables. ##
## ---------------- ##

ac_cv_build=i686-pc-linux-gnu
ac_cv_c_compiler_gnu=yes
ac_cv_cxx_compiler_gnu=no
ac_cv_env_CCC_CFLAGS_set=
ac_cv_env_CCC_CFLAGS_value=
ac_cv_env_CCC_LIBS_set=
ac_cv_env_CCC_LIBS_value=
ac_cv_env_CCC_set=
ac_cv_env_CCC_value=
ac_cv_env_CC_set=
ac_cv_env_CC_value=
ac_cv_env_CFLAGS_set=
ac_cv_env_CFLAGS_value=
ac_cv_env_CHECK_CFLAGS_set=
ac_cv_env_CHECK_CFLAGS_value=
ac_cv_env_CHECK_LIBS_set=
ac_cv_env_CHECK_LIBS_value=
ac_cv_env_CPPFLAGS_set=
ac_cv_env_CPPFLAGS_value=
ac_cv_env_CPP_set=
ac_cv_env_CPP_value=
ac_cv_env_CXXCPP_set=
ac_cv_env_CXXCPP_value=
ac_cv_env_CXXFLAGS_set=
ac_cv_env_CXXFLAGS_value=
ac_cv_env_CXX_set=
ac_cv_env_CXX_value=
ac_cv_env_DEMO_CFLAGS_set=
ac_cv_env_DEMO_CFLAGS_value=
ac_cv_env_DEMO_LIBS_set=
ac_cv_env_DEMO_LIBS_value=
ac_cv_env_F77_set=
ac_cv_env_F77_value=
ac_cv_env_FFLAGS_set=
ac_cv_env_FFLAGS_value=
ac_cv_env_LDFLAGS_set=
ac_cv_env_LDFLAGS_value=
ac_cv_env_LIBS_set=
ac_cv_env_LIBS_value=
ac_cv_env_PKG_CONFIG_set=
ac_cv_env_PKG_CONFIG_value=
ac_cv_env_PYGTK_CFLAGS_set=
ac_cv_env_PYGTK_CFLAGS_value=
ac_cv_env_PYGTK_LIBS_set=
ac_cv_env_PYGTK_LIBS_value=
ac_cv_env_build_alias_set=
ac_cv_env_build_alias_value=
ac_cv_env_host_alias_set=
ac_cv_env_host_alias_value=
ac_cv_env_target_alias_set=
ac_cv_env_target_alias_value=
ac_cv_f77_compiler_gnu=no
ac_cv_func_bind_textdomain_codeset=yes
ac_cv_func_dcgettext=yes
ac_cv_header_dlfcn_h=yes
ac_cv_header_inttypes_h=yes
ac_cv_header_libintl_h=yes
ac_cv_header_locale_h=yes
ac_cv_header_memory_h=yes
ac_cv_header_ruby_h=no
ac_cv_header_stdc=yes
ac_cv_header_stdint_h=yes
ac_cv_header_stdlib_h=yes
ac_cv_header_string_h=yes
ac_cv_header_strings_h=yes
ac_cv_header_sys_stat_h=yes
ac_cv_header_sys_types_h=yes
ac_cv_header_unistd_h=yes
ac_cv_host=i686-pc-linux-gnu
ac_cv_objext=o
ac_cv_path_EGREP='/bin/grep -E'
ac_cv_path_GMSGFMT=/usr/bin/msgfmt
ac_cv_path_GREP=/bin/grep
ac_cv_path_INTLTOOL_ICONV=/usr/bin/iconv
ac_cv_path_INTLTOOL_MSGFMT=/usr/bin/msgfmt
ac_cv_path_INTLTOOL_MSGMERGE=/usr/bin/msgmerge
ac_cv_path_INTLTOOL_PERL=/usr/bin/perl
ac_cv_path_INTLTOOL_XGETTEXT=/usr/bin/xgettext
ac_cv_path_MONO=/usr/bin/mono
ac_cv_path_MSGFMT=/usr/bin/msgfmt
ac_cv_path_PKG_CONFIG=/usr/bin/pkg-config
ac_cv_path_PYGTK_CODEGEN=/usr/bin/pygtk-codegen-2.0
ac_cv_path_PYTHON=/usr/bin/python
ac_cv_path_XGETTEXT=/usr/bin/xgettext
ac_cv_path_install='/usr/bin/install -c'
ac_cv_prog_AWK=mawk
ac_cv_prog_CPP='gcc -E'
ac_cv_prog_RUBY=ruby
ac_cv_prog_XARGS=xargs
ac_cv_prog_ac_ct_AR=ar
ac_cv_prog_ac_ct_CC=gcc
ac_cv_prog_ac_ct_RANLIB=ranlib
ac_cv_prog_ac_ct_STRIP=strip
ac_cv_prog_cc_c89=
ac_cv_prog_cc_g=yes
ac_cv_prog_cxx_g=no
ac_cv_prog_f77_g=no
ac_cv_prog_make_make_set=yes
am_cv_CC_dependencies_compiler_type=gcc3
am_cv_CXX_dependencies_compiler_type=none
am_cv_pathless_PYTHON=python
am_cv_python_platform=linux2
am_cv_python_pyexecdir='${exec_prefix}/lib/python2.5/site-packages'
am_cv_python_pythondir='${prefix}/lib/python2.5/site-packages'
am_cv_python_version=2.5
am_cv_val_LC_MESSAGES=yes
gt_cv_func_dgettext_libc=yes
gt_cv_func_dgettext_libintl=no
gt_cv_func_ngettext_libc=yes
gt_cv_have_gettext=yes
lt_cv_deplibs_check_method=pass_all
lt_cv_file_magic_cmd='$MAGIC_CMD'
lt_cv_file_magic_test_file=
lt_cv_ld_reload_flag=-r
lt_cv_objdir=.libs
lt_cv_path_LD=/usr/bin/ld
lt_cv_path_NM='/usr/bin/nm -B'
lt_cv_path_SED=/bin/sed
lt_cv_prog_compiler_c_o=yes
lt_cv_prog_compiler_rtti_exceptions=no
lt_cv_prog_gnu_ld=yes
lt_cv_sys_global_symbol_pipe='sed -n -e '\''s/^.*[ 	]\([ABCDGIRSTW][ABCDGIRSTW]*\)[ 	][ 	]*\([_A-Za-z][_A-Za-z0-9]*\)$/\1 \2 \2/p'\'''
lt_cv_sys_global_symbol_to_c_name_address='sed -n -e '\''s/^: \([^ ]*\) $/  {\"\1\", (lt_ptr) 0},/p'\'' -e '\''s/^[BCDEGRST] \([^ ]*\) \([^ ]*\)$/  {"\2", (lt_ptr) \&\2},/p'\'''
lt_cv_sys_global_symbol_to_cdecl='sed -n -e '\''s/^. .* \(.*\)$/extern int \1;/p'\'''
lt_cv_sys_max_cmd_len=32768
lt_lt_cv_prog_compiler_c_o='"yes"'
lt_lt_cv_sys_global_symbol_pipe='"sed -n -e '\''s/^.*[ 	]\\([ABCDGIRSTW][ABCDGIRSTW]*\\)[ 	][ 	]*\\([_A-Za-z][_A-Za-z0-9]*\\)\$/\\1 \\2 \\2/p'\''"'
lt_lt_cv_sys_global_symbol_to_c_name_address='"sed -n -e '\''s/^: \\([^ ]*\\) \$/  {\\\"\\1\\\", (lt_ptr) 0},/p'\'' -e '\''s/^[BCDEGRST] \\([^ ]*\\) \\([^ ]*\\)\$/  {\"\\2\", (lt_ptr) \\&\\2},/p'\''"'
lt_lt_cv_sys_global_symbol_to_cdecl='"sed -n -e '\''s/^. .* \\(.*\\)\$/extern int \\1;/p'\''"'
pkg_cv_CCC_CFLAGS='-I/usr/include/glib-2.0 -I/usr/lib/glib-2.0/include -I/usr/include/gtk-2.0 -I/usr/lib/gtk-2.0/include -I/usr/include/atk-1.0 -I/usr/include/cairo -I/usr/include/pango-1.0 -I/usr/include/freetype2 -I/usr/include/libpng12  '
pkg_cv_CCC_LIBS='-lgtk-x11-2.0 -lgdk-x11-2.0 -latk-1.0 -lgdk_pixbuf-2.0 -lm -lpangocairo-1.0 -lfontconfig -lXext -lXrender -lXinerama -lXi -lXrandr -lXcursor -lXfixes -lpango-1.0 -lcairo -lX11 -lgobject-2.0 -lgmodule-2.0 -ldl -lglib-2.0  '
pkg_cv_CHECK_CFLAGS=' '
pkg_cv_CHECK_LIBS='-lcheck  '
pkg_cv_DEMO_CFLAGS='-I/usr/include/gtk-unix-print-2.0 -I/usr/include/gtk-2.0 -I/usr/include/atk-1.0 -I/usr/include/cairo -I/usr/lib/gtk-2.0/include -I/usr/include/pango-1.0 -I/usr/include/glib-2.0 -I/usr/lib/glib-2.0/include -I/usr/include/freetype2 -I/usr/include/libpng12  '
pkg_cv_DEMO_LIBS='-lgtk-x11-2.0 -lgdk-x11-2.0 -latk-1.0 -lgdk_pixbuf-2.0 -lm -lpangocairo-1.0 -lfontconfig -lXext -lXrender -lXinerama -lXi -lXrandr -lXcursor -lXfixes -lpango-1.0 -lcairo -lX11 -lgobject-2.0 -lgmodule-2.0 -ldl -lglib-2.0  '
pkg_cv_PYGTK_CFLAGS='-I/usr/include/pygtk-2.0 -I/usr/include/glib-2.0 -I/usr/lib/glib-2.0/include  '
pkg_cv_PYGTK_LIBS='-lgobject-2.0 -lglib-2.0  '

## ----------------- ##
## Output variables. ##
## ----------------- ##

ACLOCAL='${SHELL} /home/bruno/incoming/libccc/missing --run aclocal-1.9 -I macros'
ALL_LINGUAS='de'
AMDEPBACKSLASH='\'
AMDEP_FALSE='#'
AMDEP_TRUE=''
AMTAR='${SHELL} /home/bruno/incoming/libccc/missing --run tar'
AR='ar'
AUTOCONF='${SHELL} /home/bruno/incoming/libccc/missing --run autoconf'
AUTOHEADER='${SHELL} /home/bruno/incoming/libccc/missing --run autoheader'
AUTOMAKE='${SHELL} /home/bruno/incoming/libccc/missing --run automake-1.9'
AWK='mawk'
CATALOGS=' de.gmo'
CATOBJEXT='.gmo'
CC='gcc'
CCC_CFLAGS='-I/usr/include/glib-2.0 -I/usr/lib/glib-2.0/include -I/usr/include/gtk-2.0 -I/usr/lib/gtk-2.0/include -I/usr/include/atk-1.0 -I/usr/include/cairo -I/usr/include/pango-1.0 -I/usr/include/freetype2 -I/usr/include/libpng12  '
CCC_LIBS='-lgtk-x11-2.0 -lgdk-x11-2.0 -latk-1.0 -lgdk_pixbuf-2.0 -lm -lpangocairo-1.0 -lfontconfig -lXext -lXrender -lXinerama -lXi -lXrandr -lXcursor -lXfixes -lpango-1.0 -lcairo -lX11 -lgobject-2.0 -lgmodule-2.0 -ldl -lglib-2.0  '
CCDEPMODE='depmode=gcc3'
CFLAGS='-g -O2  -Wall -Wno-uninitialized -Wchar-subscripts -Wmissing-declarations -Wmissing-prototypes -Wnested-externs -Wpointer-arith -Wcast-align -Wsign-compare -Wno-strict-aliasing -Wnested-externs -Wpointer-arith -Werror-implicit-function-declaration -Wswitch -g'
CHECK_CFLAGS=' '
CHECK_LIBS='-lcheck  '
CPP='gcc -E'
CPPFLAGS='-g -O2'
CXX='no'
CXXCPP=''
CXXDEPMODE='depmode=none'
CXXFLAGS=''
CYGPATH_W='echo'
DATADIRNAME='share'
DEFS='-DHAVE_CONFIG_H'
DEMO_CFLAGS='-I/usr/include/gtk-unix-print-2.0 -I/usr/include/gtk-2.0 -I/usr/include/atk-1.0 -I/usr/include/cairo -I/usr/lib/gtk-2.0/include -I/usr/include/pango-1.0 -I/usr/include/glib-2.0 -I/usr/lib/glib-2.0/include -I/usr/include/freetype2 -I/usr/include/libpng12  '
DEMO_LIBS='-lgtk-x11-2.0 -lgdk-x11-2.0 -latk-1.0 -lgdk_pixbuf-2.0 -lm -lpangocairo-1.0 -lfontconfig -lXext -lXrender -lXinerama -lXi -lXrandr -lXcursor -lXfixes -lpango-1.0 -lcairo -lX11 -lgobject-2.0 -lgmodule-2.0 -ldl -lglib-2.0  '
DEPDIR='.deps'
DISTCHECK_CONFIGURE_FLAGS='--enable-gtk-doc --disable-scrollkeeper'
ECHO='echo'
ECHO_C=''
ECHO_N='-n'
ECHO_T=''
EGREP='/bin/grep -E'
ENABLE_GPROF='no'
ENABLE_GTK_DOC_FALSE='#'
ENABLE_GTK_DOC_TRUE=''
EXEEXT=''
F77='no'
FFLAGS=''
GAPI2_CODEGEN=''
GETTEXT_PACKAGE='libccc-0.1'
GLIB_GENMARSHAL='glib-genmarshal'
GLIB_MKENUMS='glib-mkenums'
GMOFILES=' de.gmo'
GMSGFMT='/usr/bin/msgfmt'
GREP='/bin/grep'
GTK_DOC_USE_LIBTOOL_FALSE='#'
GTK_DOC_USE_LIBTOOL_TRUE=''
HAVE_CHECK_FALSE='#'
HAVE_CHECK_TRUE=''
HTML_DIR='${datadir}/gtk-doc/html'
INSIDE_GNOME_COMMON_FALSE=''
INSIDE_GNOME_COMMON_TRUE='#'
INSTALL_DATA='${INSTALL} -m 644'
INSTALL_PROGRAM='${INSTALL}'
INSTALL_SCRIPT='${INSTALL}'
INSTALL_STRIP_PROGRAM='${SHELL} $(install_sh) -c -s'
INSTOBJEXT='.mo'
INTLLIBS=''
INTLTOOL_CAVES_RULE='%.caves:     %.caves.in     $(INTLTOOL_MERGE) $(wildcard $(top_srcdir)/po/*.po) ; LC_ALL=C $(INTLTOOL_MERGE) -d -u -c $(top_builddir)/po/.intltool-merge-cache $(top_srcdir)/po $< $@'
INTLTOOL_DESKTOP_RULE='%.desktop:   %.desktop.in   $(INTLTOOL_MERGE) $(wildcard $(top_srcdir)/po/*.po) ; LC_ALL=C $(INTLTOOL_MERGE) -d -u -c $(top_builddir)/po/.intltool-merge-cache $(top_srcdir)/po $< $@'
INTLTOOL_DIRECTORY_RULE='%.directory: %.directory.in $(INTLTOOL_MERGE) $(wildcard $(top_srcdir)/po/*.po) ; LC_ALL=C $(INTLTOOL_MERGE) -d -u -c $(top_builddir)/po/.intltool-merge-cache $(top_srcdir)/po $< $@'
INTLTOOL_EXTRACT='$(top_builddir)/intltool-extract'
INTLTOOL_ICONV='/usr/bin/iconv'
INTLTOOL_KBD_RULE='%.kbd:       %.kbd.in       $(INTLTOOL_MERGE) $(wildcard $(top_srcdir)/po/*.po) ; LC_ALL=C $(INTLTOOL_MERGE) -x -u -m -c $(top_builddir)/po/.intltool-merge-cache $(top_srcdir)/po $< $@'
INTLTOOL_KEYS_RULE='%.keys:      %.keys.in      $(INTLTOOL_MERGE) $(wildcard $(top_srcdir)/po/*.po) ; LC_ALL=C $(INTLTOOL_MERGE) -k -u -c $(top_builddir)/po/.intltool-merge-cache $(top_srcdir)/po $< $@'
INTLTOOL_MERGE='$(top_builddir)/intltool-merge'
INTLTOOL_MSGFMT='/usr/bin/msgfmt'
INTLTOOL_MSGMERGE='/usr/bin/msgmerge'
INTLTOOL_OAF_RULE='%.oaf:       %.oaf.in       $(INTLTOOL_MERGE) $(wildcard $(top_srcdir)/po/*.po) ; LC_ALL=C $(INTLTOOL_MERGE) -o -p $(top_srcdir)/po $< $@'
INTLTOOL_PERL='/usr/bin/perl'
INTLTOOL_PONG_RULE='%.pong:      %.pong.in      $(INTLTOOL_MERGE) $(wildcard $(top_srcdir)/po/*.po) ; LC_ALL=C $(INTLTOOL_MERGE) -x -u -c $(top_builddir)/po/.intltool-merge-cache $(top_srcdir)/po $< $@'
INTLTOOL_PROP_RULE='%.prop:      %.prop.in      $(INTLTOOL_MERGE) $(wildcard $(top_srcdir)/po/*.po) ; LC_ALL=C $(INTLTOOL_MERGE) -d -u -c $(top_builddir)/po/.intltool-merge-cache $(top_srcdir)/po $< $@'
INTLTOOL_SCHEMAS_RULE='%.schemas:   %.schemas.in   $(INTLTOOL_MERGE) $(wildcard $(top_srcdir)/po/*.po) ; LC_ALL=C $(INTLTOOL_MERGE) -s -u -c $(top_builddir)/po/.intltool-merge-cache $(top_srcdir)/po $< $@'
INTLTOOL_SERVER_RULE='%.server:    %.server.in    $(INTLTOOL_MERGE) $(wildcard $(top_srcdir)/po/*.po) ; LC_ALL=C $(INTLTOOL_MERGE) -o -u -c $(top_builddir)/po/.intltool-merge-cache $(top_srcdir)/po $< $@'
INTLTOOL_SERVICE_RULE='%.service: %.service.in   $(INTLTOOL_MERGE) $(wildcard $(top_srcdir)/po/*.po) ; LC_ALL=C $(INTLTOOL_MERGE) -d -u -c $(top_builddir)/po/.intltool-merge-cache $(top_srcdir)/po $< $@'
INTLTOOL_SHEET_RULE='%.sheet:     %.sheet.in     $(INTLTOOL_MERGE) $(wildcard $(top_srcdir)/po/*.po) ; LC_ALL=C $(INTLTOOL_MERGE) -x -u -c $(top_builddir)/po/.intltool-merge-cache $(top_srcdir)/po $< $@'
INTLTOOL_SOUNDLIST_RULE='%.soundlist: %.soundlist.in $(INTLTOOL_MERGE) $(wildcard $(top_srcdir)/po/*.po) ; LC_ALL=C $(INTLTOOL_MERGE) -d -u -c $(top_builddir)/po/.intltool-merge-cache $(top_srcdir)/po $< $@'
INTLTOOL_THEME_RULE='%.theme:     %.theme.in     $(INTLTOOL_MERGE) $(wildcard $(top_srcdir)/po/*.po) ; LC_ALL=C $(INTLTOOL_MERGE) -d -u -c $(top_builddir)/po/.intltool-merge-cache $(top_srcdir)/po $< $@'
INTLTOOL_UI_RULE='%.ui:        %.ui.in        $(INTLTOOL_MERGE) $(wildcard $(top_srcdir)/po/*.po) ; LC_ALL=C $(INTLTOOL_MERGE) -x -u -c $(top_builddir)/po/.intltool-merge-cache $(top_srcdir)/po $< $@'
INTLTOOL_UPDATE='$(top_builddir)/intltool-update'
INTLTOOL_XAM_RULE='%.xam:       %.xml.in       $(INTLTOOL_MERGE) $(wildcard $(top_srcdir)/po/*.po) ; LC_ALL=C $(INTLTOOL_MERGE) -x -u -c $(top_builddir)/po/.intltool-merge-cache $(top_srcdir)/po $< $@'
INTLTOOL_XGETTEXT='/usr/bin/xgettext'
INTLTOOL_XML_NOMERGE_RULE='%.xml:       %.xml.in       $(INTLTOOL_MERGE) ; LC_ALL=C $(INTLTOOL_MERGE) -x -u /tmp $< $@'
INTLTOOL_XML_RULE='%.xml:       %.xml.in       $(INTLTOOL_MERGE) $(wildcard $(top_srcdir)/po/*.po) ; LC_ALL=C $(INTLTOOL_MERGE) -x -u -c $(top_builddir)/po/.intltool-merge-cache $(top_srcdir)/po $< $@'
LDFLAGS=''
LIBOBJS=''
LIBS=''
LIBTOOL='$(SHELL) $(top_builddir)/libtool'
LN_S='ln -s'
LTLIBOBJS=''
MAINT=''
MAINTAINER_MODE_FALSE='#'
MAINTAINER_MODE_TRUE=''
MAKEINFO='${SHELL} /home/bruno/incoming/libccc/missing --run makeinfo'
MILESTONE='0.1'
MKINSTALLDIRS='./mkinstalldirs'
MONO='/usr/bin/mono'
MSGFMT='/usr/bin/msgfmt'
MSGFMT_OPTS='-c'
OBJEXT='o'
PACKAGE='libccc'
PACKAGE_BUGREPORT=''
PACKAGE_LOCALE_DIR='/usr/local/share/locale'
PACKAGE_NAME=''
PACKAGE_PREFIX='/usr/local'
PACKAGE_STRING=''
PACKAGE_TARNAME=''
PACKAGE_VERSION=''
PATH_SEPARATOR=':'
PKG_CONFIG='/usr/bin/pkg-config'
POFILES=' de.po'
POSUB='po'
PO_IN_DATADIR_FALSE=''
PO_IN_DATADIR_TRUE=''
PYGTK_CFLAGS='-I/usr/include/pygtk-2.0 -I/usr/include/glib-2.0 -I/usr/lib/glib-2.0/include  '
PYGTK_CODEGEN='/usr/bin/pygtk-codegen-2.0'
PYGTK_DEFSDIR='/usr/share/pygtk/2.0/defs'
PYGTK_LIBS='-lgobject-2.0 -lglib-2.0  '
PYTHON='/usr/bin/python'
PYTHON_EXEC_PREFIX='${exec_prefix}'
PYTHON_INCLUDES='-I/usr/include/python2.5'
PYTHON_PLATFORM='linux2'
PYTHON_PREFIX='${prefix}'
PYTHON_VERSION='2.5'
RANLIB='ranlib'
RUBY='ruby'
RUBY_ARCHDIR='/usr/lib/ruby/1.8/i486-linux'
RUBY_CFLAGS='-I/usr/lib/ruby/1.8/i486-linux'
RUBY_LIBDIR='/usr/local/lib/ruby/1.8'
RUBY_LIBS='-lruby1.8'
RUBY_VERSION='1.8'
SET_MAKE=''
SHELL='/bin/bash'
STRIP='strip'
USE_NLS='yes'
VERSION='0.0.4'
WITH_MONO_FALSE=''
WITH_MONO_TRUE='#'
WITH_PYTHON_FALSE='#'
WITH_PYTHON_TRUE=''
WITH_RUBY_FALSE=''
WITH_RUBY_TRUE='#'
XARGS='xargs'
XGETTEXT='/usr/bin/xgettext'
ac_ct_CC='gcc'
ac_ct_CXX=''
ac_ct_F77=''
am__fastdepCC_FALSE='#'
am__fastdepCC_TRUE=''
am__fastdepCXX_FALSE=''
am__fastdepCXX_TRUE='#'
am__include='include'
am__leading_dot='.'
am__quote=''
am__tar='${AMTAR} chof - "$$tardir"'
am__untar='${AMTAR} xf -'
bindir='${exec_prefix}/bin'
build='i686-pc-linux-gnu'
build_alias=''
build_cpu='i686'
build_os='linux-gnu'
build_vendor='pc'
datadir='${datarootdir}'
datarootdir='${prefix}/share'
docdir='${datarootdir}/doc/${PACKAGE}'
dvidir='${docdir}'
exec_prefix='${prefix}'
host='i686-pc-linux-gnu'
host_alias=''
host_cpu='i686'
host_os='linux-gnu'
host_vendor='pc'
htmldir='${docdir}'
includedir='${prefix}/include'
infodir='${datarootdir}/info'
install_sh='/home/bruno/incoming/libccc/install-sh'
libdir='${exec_prefix}/lib'
libexecdir='${exec_prefix}/libexec'
localedir='${datarootdir}/locale'
localstatedir='${prefix}/var'
mandir='${datarootdir}/man'
mkdir_p='mkdir -p --'
oldincludedir='/usr/include'
pdfdir='${docdir}'
pkgpyexecdir='${pyexecdir}/libccc'
pkgpythondir='${pythondir}/libccc'
prefix='/usr/local'
program_transform_name='s,x,x,'
psdir='${docdir}'
pyexecdir='${exec_prefix}/lib/python2.5/site-packages'
pythondir='${prefix}/lib/python2.5/site-packages'
sbindir='${exec_prefix}/sbin'
sharedstatedir='${prefix}/com'
sysconfdir='${prefix}/etc'
target_alias=''

## ----------- ##
## confdefs.h. ##
## ----------- ##

#define PACKAGE_NAME ""
#define PACKAGE_TARNAME ""
#define PACKAGE_VERSION ""
#define PACKAGE_STRING ""
#define PACKAGE_BUGREPORT ""
#define PACKAGE "libccc"
#define VERSION "0.0.4"
#define STDC_HEADERS 1
#define HAVE_SYS_TYPES_H 1
#define HAVE_SYS_STAT_H 1
#define HAVE_STDLIB_H 1
#define HAVE_STRING_H 1
#define HAVE_MEMORY_H 1
#define HAVE_STRINGS_H 1
#define HAVE_INTTYPES_H 1
#define HAVE_STDINT_H 1
#define HAVE_UNISTD_H 1
#define HAVE_DLFCN_H 1
#define HAVE_LOCALE_H 1
#define HAVE_LC_MESSAGES 1
#define HAVE_BIND_TEXTDOMAIN_CODESET 1
#define HAVE_GETTEXT 1
#define HAVE_DCGETTEXT 1
#define ENABLE_NLS 1
#define GETTEXT_PACKAGE "libccc-0.1"
#define PACKAGE_LOCALE_DIR "/usr/local/share/locale"
#define PYGTK_REQUIRED_MAJOR_VERSION 2
#define PYGTK_REQUIRED_MINOR_VERSION 8
#define PYGTK_REQUIRED_MICRO_VERSION 0

configure: exit 0

## ---------------------- ##
## Running config.status. ##
## ---------------------- ##

This file was extended by config.status, which was
generated by GNU Autoconf 2.61.  Invocation command line was

  CONFIG_FILES    = 
  CONFIG_HEADERS  = 
  CONFIG_LINKS    = 
  CONFIG_COMMANDS = 
  $ ./config.status cc-config.h

on bruno

config.status:781: creating cc-config.h
config.status:1013: cc-config.h is unchanged
